platforms/android/manifest-merger-release-report.txt
-- Merging decision tree log ---
manifest
ADDED from AndroidManifest.xml:2:1
	package
		ADDED from AndroidManifest.xml:2:102
	android:versionName
		ADDED from AndroidManifest.xml:2:74
	android:hardwareAccelerated
		ADDED from AndroidManifest.xml:2:11
	android:versionCode
		ADDED from AndroidManifest.xml:2:46
		INJECTED from AndroidManifest.xml:0:0
		INJECTED from AndroidManifest.xml:0:0
	xmlns:android
		ADDED from AndroidManifest.xml:2:132
supports-screens
ADDED from AndroidManifest.xml:3:5
	android:largeScreens
		ADDED from AndroidManifest.xml:3:49
	android:smallScreens
		ADDED from AndroidManifest.xml:3:132
	android:normalScreens
		ADDED from AndroidManifest.xml:3:77
	android:xlargeScreens
		ADDED from AndroidManifest.xml:3:160
	android:resizeable
		ADDED from AndroidManifest.xml:3:106
	android:anyDensity
		ADDED from AndroidManifest.xml:3:23
application
ADDED from AndroidManifest.xml:4:5
	android:label
		ADDED from AndroidManifest.xml:4:83
	android:supportsRtl
		ADDED from AndroidManifest.xml:4:116
	android:hardwareAccelerated
		ADDED from AndroidManifest.xml:4:18
	android:icon
		ADDED from AndroidManifest.xml:4:53
activity#com.idiots.colldict.MainActivity
ADDED from AndroidManifest.xml:5:9
	android:label
		ADDED from AndroidManifest.xml:5:97
	android:launchMode
		ADDED from AndroidManifest.xml:5:135
	android:windowSoftInputMode
		ADDED from AndroidManifest.xml:5:248
	android:configChanges
		ADDED from AndroidManifest.xml:5:19
	android:theme
		ADDED from AndroidManifest.xml:5:194
	android:name
		ADDED from AndroidManifest.xml:5:166
intent-filter#android.intent.action.MAIN+android.intent.category.LAUNCHER
ADDED from AndroidManifest.xml:6:13
	android:label
		ADDED from AndroidManifest.xml:6:28
action#android.intent.action.MAIN
ADDED from AndroidManifest.xml:7:17
	android:name
		ADDED from AndroidManifest.xml:7:25
category#android.intent.category.LAUNCHER
ADDED from AndroidManifest.xml:8:17
	android:name
		ADDED from AndroidManifest.xml:8:27
meta-data#com.google.android.gms.version
ADDED from AndroidManifest.xml:11:9
	android:value
		ADDED from AndroidManifest.xml:11:66
	android:name
		ADDED from AndroidManifest.xml:11:20
activity#com.google.android.gms.ads.AdActivity
ADDED from AndroidManifest.xml:12:9
	android:configChanges
		ADDED from AndroidManifest.xml:12:19
	android:theme
		ADDED from AndroidManifest.xml:12:182
	android:name
		ADDED from AndroidManifest.xml:12:129
uses-sdk
ADDED from AndroidManifest.xml:14:5
MERGED from android:CordovaLib:unspecified:release:25:5
	android:targetSdkVersion
		ADDED from AndroidManifest.xml:14:42
	android:minSdkVersion
		ADDED from AndroidManifest.xml:14:15
uses-permission#android.permission.INTERNET
ADDED from AndroidManifest.xml:15:5
	android:name
		ADDED from AndroidManifest.xml:15:22
uses-permission#android.permission.ACCESS_NETWORK_STATE
ADDED from AndroidManifest.xml:16:5
	android:name
		ADDED from AndroidManifest.xml:16:22